\BOOKMARK [1][-]{section.1}{Problema}{}% 1
\BOOKMARK [1][-]{section.2}{Modelaci\363n}{}% 2
\BOOKMARK [2][-]{subsection.2.1}{Definiciones}{section.2}% 3
\BOOKMARK [3][-]{subsubsection.2.1.1}{Triangulaci\363n de un pol\355gono convexo}{subsection.2.1}% 4
\BOOKMARK [3][-]{subsubsection.2.1.2}{Subdivisi\363n ideal}{subsection.2.1}% 5
\BOOKMARK [3][-]{subsubsection.2.1.3}{Corte ideal}{subsection.2.1}% 6
\BOOKMARK [2][-]{subsection.2.2}{Abstracc\355on del problema}{section.2}% 7
\BOOKMARK [1][-]{section.3}{Soluci\363n}{}% 8
\BOOKMARK [2][-]{subsection.3.1}{Fuerza bruta}{section.3}% 9
\BOOKMARK [2][-]{subsection.3.2}{Acercamiento por camino de costo m\355nimo}{section.3}% 10
\BOOKMARK [2][-]{subsection.3.3}{Greedy}{section.3}% 11
\BOOKMARK [2][-]{subsection.3.4}{Soluci\363n propuesta}{section.3}% 12
\BOOKMARK [2][-]{subsection.3.5}{Programaci\363n Din\341mica \(DP\)}{section.3}% 13
\BOOKMARK [3][-]{subsubsection.3.5.1}{Inicializaci\363n}{subsection.3.5}% 14
\BOOKMARK [3][-]{subsubsection.3.5.2}{Transici\363n}{subsection.3.5}% 15
\BOOKMARK [3][-]{subsubsection.3.5.3}{Condici\363n de Corte V\341lido}{subsection.3.5}% 16
\BOOKMARK [2][-]{subsection.3.6}{B\372squeda Binaria para Maximizar \040w }{section.3}% 17
\BOOKMARK [2][-]{subsection.3.7}{Argumentaci\363n de Correctitud}{section.3}% 18
\BOOKMARK [2][-]{subsection.3.8}{Complejidad Temporal}{section.3}% 19
\BOOKMARK [3][-]{subsubsection.3.8.1}{a. Programaci\363n Din\341mica \(DP\)}{subsection.3.8}% 20
\BOOKMARK [3][-]{subsubsection.3.8.2}{b. B\372squeda Binaria}{subsection.3.8}% 21
\BOOKMARK [3][-]{subsubsection.3.8.3}{c. Complejidad Total}{subsection.3.8}% 22
